INFO  | 2021-09-21 13:08:44 | [main] Javapractice.App (App.java:18) - Hello world Will Be Printed On Info
WARN  | 2021-09-21 13:08:44 | [main] Javapractice.App (App.java:19) - Hello world Will Be Printed On Warn
ERROR | 2021-09-21 13:08:44 | [main] Javapractice.App (App.java:20) - Hello world Will Be Printed On Error
FATAL | 2021-09-21 13:08:44 | [main] Javapractice.App (App.java:21) - Hello world Will Be Printed On Fatal
INFO  | 2021-09-21 13:08:44 | [main] Javapractice.App (App.java:22) - Appending string: Hello world.
INFO  | 2021-09-21 13:11:08 | [main] Javapractice.App (App.java:18) - Hello world Will Be Printed On Info
WARN  | 2021-09-21 13:11:08 | [main] Javapractice.App (App.java:19) - Hello world Will Be Printed On Warn
ERROR | 2021-09-21 13:11:08 | [main] Javapractice.App (App.java:20) - Hello world Will Be Printed On Error
FATAL | 2021-09-21 13:11:08 | [main] Javapractice.App (App.java:21) - Hello world Will Be Printed On Fatal
INFO  | 2021-09-21 13:11:08 | [main] Javapractice.App (App.java:22) - Appending string: Hello world.
INFO  | 2021-09-21 13:15:52 | [main] Javapractice.App (App.java:18) - Hello world Will Be Printed On Info
WARN  | 2021-09-21 13:15:52 | [main] Javapractice.App (App.java:19) - Hello world Will Be Printed On Warn
ERROR | 2021-09-21 13:15:52 | [main] Javapractice.App (App.java:20) - Hello world Will Be Printed On Error
FATAL | 2021-09-21 13:15:52 | [main] Javapractice.App (App.java:21) - Hello world Will Be Printed On Fatal
INFO  | 2021-09-21 13:15:52 | [main] Javapractice.App (App.java:22) - Appending string: Hello world.
INFO  | 2021-09-22 07:41:23 | [main] Javapractice.App (App.java:18) - Hello world Will Be Printed On Info
WARN  | 2021-09-22 07:41:23 | [main] Javapractice.App (App.java:19) - Hello world Will Be Printed On Warn
ERROR | 2021-09-22 07:41:23 | [main] Javapractice.App (App.java:20) - Hello world Will Be Printed On Error
FATAL | 2021-09-22 07:41:23 | [main] Javapractice.App (App.java:21) - Hello world Will Be Printed On Fatal
INFO  | 2021-09-22 07:41:23 | [main] Javapractice.App (App.java:22) - Appending string: Hello world.
INFO  | 2021-09-22 07:41:39 | [main] Javapractice.App (App.java:18) - Hello world Will Be Printed On Info
WARN  | 2021-09-22 07:41:39 | [main] Javapractice.App (App.java:19) - Hello world Will Be Printed On Warn
ERROR | 2021-09-22 07:41:39 | [main] Javapractice.App (App.java:20) - Hello world Will Be Printed On Error
FATAL | 2021-09-22 07:41:39 | [main] Javapractice.App (App.java:21) - Hello world Will Be Printed On Fatal
INFO  | 2021-09-22 07:41:39 | [main] Javapractice.App (App.java:22) - Appending string: Hello world.
INFO  | 2021-09-22 08:37:45 | [main] Javapractice.App (App.java:17) - Hello world Will Be Printed On Info
WARN  | 2021-09-22 08:37:45 | [main] Javapractice.App (App.java:18) - Hello world Will Be Printed On Warn
ERROR | 2021-09-22 08:37:45 | [main] Javapractice.App (App.java:19) - Hello world Will Be Printed On Error
FATAL | 2021-09-22 08:37:45 | [main] Javapractice.App (App.java:20) - Hello world Will Be Printed On Fatal
INFO  | 2021-09-22 08:37:45 | [main] Javapractice.App (App.java:21) - Appending string: Hello world.
INFO  | 2021-09-22 08:44:12 | [main] Javapractice.App (App.java:17) - Hello world Will Be Printed On Info
WARN  | 2021-09-22 08:44:12 | [main] Javapractice.App (App.java:18) - Hello world Will Be Printed On Warn
ERROR | 2021-09-22 08:44:12 | [main] Javapractice.App (App.java:19) - Hello world Will Be Printed On Error
FATAL | 2021-09-22 08:44:12 | [main] Javapractice.App (App.java:20) - Hello world Will Be Printed On Fatal
INFO  | 2021-09-22 08:44:12 | [main] Javapractice.App (App.java:21) - Appending string: Hello world.
DEBUG | 2021-09-22 08:45:31 | [main] Javapractice.App (App.java:16) - Hello world Will Be Printed On Debug
INFO  | 2021-09-22 08:45:31 | [main] Javapractice.App (App.java:17) - Hello world Will Be Printed On Info
WARN  | 2021-09-22 08:45:31 | [main] Javapractice.App (App.java:18) - Hello world Will Be Printed On Warn
ERROR | 2021-09-22 08:45:31 | [main] Javapractice.App (App.java:19) - Hello world Will Be Printed On Error
FATAL | 2021-09-22 08:45:31 | [main] Javapractice.App (App.java:20) - Hello world Will Be Printed On Fatal
INFO  | 2021-09-22 08:45:31 | [main] Javapractice.App (App.java:21) - Appending string: Hello world.
DEBUG | 2021-09-22 11:48:00 | [main] Javapractice.App (App.java:16) - Hello world Will Be Printed On Debug
INFO  | 2021-09-22 11:48:00 | [main] Javapractice.App (App.java:17) - Hello world Will Be Printed On Info
WARN  | 2021-09-22 11:48:00 | [main] Javapractice.App (App.java:18) - Hello world Will Be Printed On Warn
ERROR | 2021-09-22 11:48:00 | [main] Javapractice.App (App.java:19) - Hello world Will Be Printed On Error
FATAL | 2021-09-22 11:48:00 | [main] Javapractice.App (App.java:20) - Hello world Will Be Printed On Fatal
INFO  | 2021-09-22 11:48:00 | [main] Javapractice.App (App.java:21) - Appending string: Hello world.
